Script executing at 2021-01-15 16:55:01.989609
Scanning users table...
First record: {'stats': {'wins': Decimal('0'), 'for': Decimal('0'), 'draws': Decimal('0'), 'losses': Decimal('0'), 'against': Decimal('0'), 'points': Decimal('0')}, 'team_name': 'TestTeam1', 'waiver_preferences': [], 'powerplays': Decimal('3'), 'captain_counts': {}, 'provisional_drop': None, 'waiver_rank': Decimal('1'), 'inbox': [], 'username': 'testuser1', 'homeground': 'Test Park 1', 'team_short': 'TT1', 'players_picked': Decimal('0')}
Teams: ['TT1', 'ITC', 'BWS', 'TT3', 'WOL', 'TT2']
Generating fixtures...
Saving to database...
Generating reverse fixtures...
Saving to database...
Teams: ['TT1', 'ITC', 'BWS', 'TT3', 'WOL', 'TT2']
Generating fixtures...
Saving to database...
Generating reverse fixtures...
Saving to database...
Teams: ['TT1', 'ITC', 'BWS', 'TT3', 'WOL', 'TT2']
Generating fixtures...
Saving to database...
Generating reverse fixtures...
Saving to database...
Draw complete
Script executing at 2021-02-24 14:56:35.231642
Scanning users table...
First record: {'stats': {'wins': Decimal('0'), 'for': Decimal('0'), 'draws': Decimal('0'), 'losses': Decimal('0'), 'against': Decimal('0'), 'points': Decimal('0')}, 'team_name': 'Bondi Wet Sox', 'powerplays': Decimal('3'), 'inbox': [], 'waiver_preferences': [], 'data': 'NAME#BWS', 'provisional_drop': None, 'waiver_rank': Decimal('1'), 'sk': 'DETAILS', 'username': 'jeffrobson', 'pk': 'USER#jeffrobson', 'homeground': 'Bondi Pavilion', 'team_short': 'BWS', 'players_picked': Decimal('0')}
Teams: ['BWS', 'ITC', 'TT4', 'WOL']
Generating fixtures...
Saving to database...
Script executing at 2021-02-24 14:57:35.528038
Scanning users table...
First record: {'stats': {'wins': Decimal('0'), 'for': Decimal('0'), 'draws': Decimal('0'), 'losses': Decimal('0'), 'against': Decimal('0'), 'points': Decimal('0')}, 'team_name': 'Bondi Wet Sox', 'powerplays': Decimal('3'), 'inbox': [], 'waiver_preferences': [], 'data': 'NAME#BWS', 'provisional_drop': None, 'waiver_rank': Decimal('1'), 'sk': 'DETAILS', 'username': 'jeffrobson', 'pk': 'USER#jeffrobson', 'homeground': 'Bondi Pavilion', 'team_short': 'BWS', 'players_picked': Decimal('0')}
Teams: ['BWS', 'ITC', 'TT4', 'WOL']
Generating fixtures...
Saving to database...
Script executing at 2021-02-24 14:58:00.289574
Scanning users table...
First record: {'stats': {'wins': Decimal('0'), 'for': Decimal('0'), 'draws': Decimal('0'), 'losses': Decimal('0'), 'against': Decimal('0'), 'points': Decimal('0')}, 'team_name': 'Bondi Wet Sox', 'powerplays': Decimal('3'), 'inbox': [], 'waiver_preferences': [], 'data': 'NAME#BWS', 'provisional_drop': None, 'waiver_rank': Decimal('1'), 'sk': 'DETAILS', 'username': 'jeffrobson', 'pk': 'USER#jeffrobson', 'homeground': 'Bondi Pavilion', 'team_short': 'BWS', 'players_picked': Decimal('0')}
Teams: ['BWS', 'ITC', 'TT4', 'WOL']
Generating fixtures...
Saving to database...
Generating reverse fixtures...
Saving to database...
Teams: ['BWS', 'ITC', 'TT4', 'WOL']
Generating fixtures...
Saving to database...
Generating reverse fixtures...
Saving to database...
Teams: ['BWS', 'ITC', 'TT4', 'WOL']
Generating fixtures...
Saving to database...
Generating reverse fixtures...
Saving to database...
Teams: ['BWS', 'ITC', 'TT4', 'WOL']
Generating fixtures...
Saving to database...
Draw complete
Script executing at 2021-02-24 15:06:21.944012
Scanning users table...
First record: {'stats': {'wins': Decimal('0'), 'for': Decimal('0'), 'draws': Decimal('0'), 'losses': Decimal('0'), 'against': Decimal('0'), 'points': Decimal('0')}, 'team_name': 'Bondi Wet Sox', 'powerplays': Decimal('3'), 'inbox': [], 'waiver_preferences': [], 'data': 'NAME#BWS', 'provisional_drop': None, 'waiver_rank': Decimal('1'), 'sk': 'DETAILS', 'username': 'jeffrobson', 'pk': 'USER#jeffrobson', 'homeground': 'Bondi Pavilion', 'team_short': 'BWS', 'players_picked': Decimal('0')}
Teams: ['BWS', 'ITC', 'TT4', 'WOL']
Generating fixtures...
Saving to database...
Generating reverse fixtures...
Saving to database...
Teams: ['BWS', 'ITC', 'TT4', 'WOL']
Generating fixtures...
Saving to database...
Generating reverse fixtures...
Saving to database...
Teams: ['BWS', 'ITC', 'TT4', 'WOL']
Generating fixtures...
Saving to database...
Generating reverse fixtures...
Saving to database...
Teams: ['BWS', 'ITC', 'TT4', 'WOL']
Generating fixtures...
Saving to database...
Draw complete
Script executing at 2021-03-04 22:24:31.581515
Scanning users table...
First record: {'stats': {'wins': Decimal('0'), 'for': Decimal('0'), 'draws': Decimal('0'), 'losses': Decimal('0'), 'against': Decimal('0'), 'points': Decimal('0')}, 'team_name': 'Bondi Wet Sox', 'powerplays': Decimal('3'), 'inbox': [], 'waiver_preferences': [], 'data': 'NAME#BWS', 'provisional_drop': None, 'waiver_rank': Decimal('1'), 'sk': 'DETAILS', 'username': 'jeffrobson', 'pk': 'USER#jeffrobson', 'homeground': 'Bondi Pavilion', 'team_short': 'BWS', 'players_picked': Decimal('17')}
Teams: ['BWS', 'GUN', 'ITC', 'ROX', 'TT1', 'WOL']
Generating fixtures...
Saving to database...
Generating reverse fixtures...
Saving to database...
Teams: ['BWS', 'GUN', 'ITC', 'ROX', 'TT1', 'WOL']
Generating fixtures...
Saving to database...
Generating reverse fixtures...
Saving to database...
Teams: ['BWS', 'GUN', 'ITC', 'ROX', 'TT1', 'WOL']
Generating fixtures...
Saving to database...
Draw complete
