Script executing at 13/01/21
Current round: 1.
[{'stats': {'wins': Decimal('0'), 'for': Decimal('0'), 'draws': Decimal('0'), 'losses': Decimal('0'), 'against': Decimal('0'), 'points': Decimal('0')}, 'team_name': 'TestTeam1', 'waiver_preferences': ['100160', '100129'], 'powerplays': Decimal('3'), 'captain_counts': {}, 'provisional_drop': '100149', 'waiver_rank': Decimal('2'), 'inbox': [], 'username': 'testuser1', 'homeground': 'Test Park 1', 'team_short': 'TT1', 'players_picked': Decimal('0')}, {'stats': {'wins': Decimal('0'), 'for': Decimal('0'), 'draws': Decimal('0'), 'losses': Decimal('0'), 'against': Decimal('0'), 'points': Decimal('0')}, 'team_name': 'The IT Crowd', 'waiver_preferences': ['100160', '100111'], 'powerplays': Decimal('3'), 'captain_counts': {}, 'provisional_drop': '100110', 'waiver_rank': Decimal('1'), 'inbox': [], 'username': 'admin', 'homeground': 'The Basement', 'team_short': 'ITC', 'players_picked': Decimal('0')}, {'stats': {'wins': Decimal('0'), 'for': Decimal('0'), 'draws': Decimal('0'), 'losses': Decimal('0'), 'against': Decimal('0'), 'points': Decimal('0')}, 'team_name': 'Test Team 3', 'waiver_preferences': ['100160'], 'powerplays': Decimal('3'), 'captain_counts': {}, 'provisional_drop': '100300', 'waiver_rank': Decimal('4'), 'inbox': [], 'username': 'testuser3', 'homeground': 'Test Park 3', 'team_short': 'TT3', 'players_picked': Decimal('0')}, {'stats': {'wins': Decimal('0'), 'for': Decimal('0'), 'draws': Decimal('0'), 'losses': Decimal('0'), 'against': Decimal('0'), 'points': Decimal('0')}, 'team_name': 'Test Team 2', 'waiver_preferences': ['100521'], 'powerplays': Decimal('3'), 'captain_counts': {}, 'provisional_drop': None, 'waiver_rank': Decimal('3'), 'inbox': [], 'username': 'testuser2', 'homeground': 'Test Park 2', 'team_short': 'TT2', 'players_picked': Decimal('0')}]
[{'stats': {'wins': Decimal('0'), 'for': Decimal('0'), 'draws': Decimal('0'), 'losses': Decimal('0'), 'against': Decimal('0'), 'points': Decimal('0')}, 'team_name': 'The IT Crowd', 'waiver_preferences': ['100160', '100111'], 'powerplays': Decimal('3'), 'captain_counts': {}, 'provisional_drop': '100110', 'waiver_rank': Decimal('1'), 'inbox': [], 'username': 'admin', 'homeground': 'The Basement', 'team_short': 'ITC', 'players_picked': Decimal('0')}, {'stats': {'wins': Decimal('0'), 'for': Decimal('0'), 'draws': Decimal('0'), 'losses': Decimal('0'), 'against': Decimal('0'), 'points': Decimal('0')}, 'team_name': 'TestTeam1', 'waiver_preferences': ['100160', '100129'], 'powerplays': Decimal('3'), 'captain_counts': {}, 'provisional_drop': '100149', 'waiver_rank': Decimal('2'), 'inbox': [], 'username': 'testuser1', 'homeground': 'Test Park 1', 'team_short': 'TT1', 'players_picked': Decimal('0')}, {'stats': {'wins': Decimal('0'), 'for': Decimal('0'), 'draws': Decimal('0'), 'losses': Decimal('0'), 'against': Decimal('0'), 'points': Decimal('0')}, 'team_name': 'Test Team 2', 'waiver_preferences': ['100521'], 'powerplays': Decimal('3'), 'captain_counts': {}, 'provisional_drop': None, 'waiver_rank': Decimal('3'), 'inbox': [], 'username': 'testuser2', 'homeground': 'Test Park 2', 'team_short': 'TT2', 'players_picked': Decimal('0')}, {'stats': {'wins': Decimal('0'), 'for': Decimal('0'), 'draws': Decimal('0'), 'losses': Decimal('0'), 'against': Decimal('0'), 'points': Decimal('0')}, 'team_name': 'Test Team 3', 'waiver_preferences': ['100160'], 'powerplays': Decimal('3'), 'captain_counts': {}, 'provisional_drop': '100300', 'waiver_rank': Decimal('4'), 'inbox': [], 'username': 'testuser3', 'homeground': 'Test Park 3', 'team_short': 'TT3', 'players_picked': Decimal('0')}]
Processing waivers
User 1 - admin
admin's squad has 18 players. Dropping their indicated player to make room.
admin picked up James TEDESCO
User 2 - testuser1
testuser1's squad has 18 players. Dropping their indicated player to make room.
testuser1 picked up Kalyn PONGA
User 3 - testuser2
testuser2's squad already has 18 players and they haven't indicated a player to drop. Moving to next user.
testuser2 didn't get any of their preferences
User 4 - testuser3
testuser3 didn't get any of their preferences
New waiver order:
1. testuser2
2. testuser3
3. testuser1
4. admin
Script executing at 13/01/21
Current round: 1.
[{'stats': {'wins': Decimal('0'), 'for': Decimal('0'), 'draws': Decimal('0'), 'losses': Decimal('0'), 'against': Decimal('0'), 'points': Decimal('0')}, 'team_name': 'TestTeam1', 'waiver_preferences': [], 'powerplays': Decimal('3'), 'captain_counts': {}, 'provisional_drop': None, 'waiver_rank': Decimal('3'), 'inbox': [{'datetime': 'Wed Jan 13 22:18:00 2021', 'message': "Congratulations! You picked up Kalyn PONGA in this week's waivers.", 'sender': 'XRL Admin', 'subject': 'New Player'}], 'username': 'testuser1', 'homeground': 'Test Park 1', 'team_short': 'TT1', 'players_picked': Decimal('1')}, {'stats': {'wins': Decimal('0'), 'for': Decimal('0'), 'draws': Decimal('0'), 'losses': Decimal('0'), 'against': Decimal('0'), 'points': Decimal('0')}, 'team_name': 'The IT Crowd', 'waiver_preferences': ['100521'], 'powerplays': Decimal('3'), 'captain_counts': {}, 'provisional_drop': None, 'waiver_rank': Decimal('4'), 'inbox': [{'datetime': 'Wed Jan 13 22:18:00 2021', 'message': "Congratulations! You picked up James TEDESCO in this week's waivers.", 'sender': 'XRL Admin', 'subject': 'New Player'}], 'username': 'admin', 'homeground': 'The Basement', 'team_short': 'ITC', 'players_picked': Decimal('1')}, {'stats': {'wins': Decimal('0'), 'for': Decimal('0'), 'draws': Decimal('0'), 'losses': Decimal('0'), 'against': Decimal('0'), 'points': Decimal('0')}, 'team_name': 'Test Team 3', 'waiver_preferences': [], 'powerplays': Decimal('3'), 'captain_counts': {}, 'provisional_drop': '100300', 'waiver_rank': Decimal('2'), 'inbox': [], 'username': 'testuser3', 'homeground': 'Test Park 3', 'team_short': 'TT3', 'players_picked': Decimal('0')}, {'stats': {'wins': Decimal('0'), 'for': Decimal('0'), 'draws': Decimal('0'), 'losses': Decimal('0'), 'against': Decimal('0'), 'points': Decimal('0')}, 'team_name': 'Test Team 2', 'waiver_preferences': ['100535'], 'powerplays': Decimal('3'), 'captain_counts': {}, 'provisional_drop': '100089', 'waiver_rank': Decimal('1'), 'inbox': [], 'username': 'testuser2', 'homeground': 'Test Park 2', 'team_short': 'TT2', 'players_picked': Decimal('0')}]
[{'stats': {'wins': Decimal('0'), 'for': Decimal('0'), 'draws': Decimal('0'), 'losses': Decimal('0'), 'against': Decimal('0'), 'points': Decimal('0')}, 'team_name': 'Test Team 2', 'waiver_preferences': ['100535'], 'powerplays': Decimal('3'), 'captain_counts': {}, 'provisional_drop': '100089', 'waiver_rank': Decimal('1'), 'inbox': [], 'username': 'testuser2', 'homeground': 'Test Park 2', 'team_short': 'TT2', 'players_picked': Decimal('0')}, {'stats': {'wins': Decimal('0'), 'for': Decimal('0'), 'draws': Decimal('0'), 'losses': Decimal('0'), 'against': Decimal('0'), 'points': Decimal('0')}, 'team_name': 'Test Team 3', 'waiver_preferences': [], 'powerplays': Decimal('3'), 'captain_counts': {}, 'provisional_drop': '100300', 'waiver_rank': Decimal('2'), 'inbox': [], 'username': 'testuser3', 'homeground': 'Test Park 3', 'team_short': 'TT3', 'players_picked': Decimal('0')}, {'stats': {'wins': Decimal('0'), 'for': Decimal('0'), 'draws': Decimal('0'), 'losses': Decimal('0'), 'against': Decimal('0'), 'points': Decimal('0')}, 'team_name': 'TestTeam1', 'waiver_preferences': [], 'powerplays': Decimal('3'), 'captain_counts': {}, 'provisional_drop': None, 'waiver_rank': Decimal('3'), 'inbox': [{'datetime': 'Wed Jan 13 22:18:00 2021', 'message': "Congratulations! You picked up Kalyn PONGA in this week's waivers.", 'sender': 'XRL Admin', 'subject': 'New Player'}], 'username': 'testuser1', 'homeground': 'Test Park 1', 'team_short': 'TT1', 'players_picked': Decimal('1')}, {'stats': {'wins': Decimal('0'), 'for': Decimal('0'), 'draws': Decimal('0'), 'losses': Decimal('0'), 'against': Decimal('0'), 'points': Decimal('0')}, 'team_name': 'The IT Crowd', 'waiver_preferences': ['100521'], 'powerplays': Decimal('3'), 'captain_counts': {}, 'provisional_drop': None, 'waiver_rank': Decimal('4'), 'inbox': [{'datetime': 'Wed Jan 13 22:18:00 2021', 'message': "Congratulations! You picked up James TEDESCO in this week's waivers.", 'sender': 'XRL Admin', 'subject': 'New Player'}], 'username': 'admin', 'homeground': 'The Basement', 'team_short': 'ITC', 'players_picked': Decimal('1')}]
Processing waivers
User 1 - testuser2
testuser2's squad has 18 players. Dropping their indicated player to make room.
testuser2 picked up Adam REYNOLDS
User 2 - testuser3
testuser3 didn't get any of their preferences
testuser1 already waivered one player this week
admin already waivered one player this week
New waiver order:
1. testuser3
2. testuser1
3. admin
4. testuser2
