Script executing at 2021-01-05 10:12:08.514978
Connecting to http://www.nrl.com/draw
['Round', '1']
[32mGetting player stats for Eels v Bulldogs[0m
[32mGetting player stats for Raiders v Titans[0m
[32mGetting player stats for Cowboys v Broncos[0m
[32mGetting player stats for Knights v Warriors[0m
[32mGetting player stats for Rabbitohs v Sharks[0m
[32mGetting player stats for Panthers v Roosters[0m
[32mGetting player stats for Sea Eagles v Storm[0m
[32mGetting player stats for Dragons v Wests Tigers[0m
Stat scraping complete. Calculating player scores...
Loading to dynamodb, table: stats2020
round_number: 1
First Player: {'player_name': 'Clinton Gutherson', 'nrl_club': 'Eels', 'player_id': '100045'}
First stat map: {'Number': 1, 'Position': 'Fullback', 'Mins Played': 80, 'Points': 0, 'Tries': 0, 'Conversions': 0, 'Conversion Attempts': 0, 'Penalty Goals': 0, 'Goal Conversion Rate': 0, 'Field Goals': 0, 'Total Points': 32, 'All Runs': 17, 'All Run Metres': 205, 'Kick Return Metres': 64, 'Post Contact Metres': 46, 'Line Breaks': 0, 'Line Break Assists': 0, 'Try Assists': 0, 'Line Engaged Runs': 0, 'Tackle Breaks': 2, 'Hit Ups': 1, 'Play The Ball': 11, 'Average Play The Ball Speed': Decimal('4.21'), 'Dummy Half Runs': 3, 'Dummy Half Run Metres': 31, 'One on One Steal': 0, 'Offloads': 0, 'Dummy Passes': 5, 'Passes': 17, 'Receipts': 36, 'Passes To Run Ratio': 1, 'Tackle Efficiency': Decimal('0.889'), 'Tackles Made': 8, 'Missed Tackles': 1, 'Ineffective Tackles': 0, 'Intercepts': 0, 'Kicks Defused': 2, 'Kicks': 2, 'Kicking Metres': 39, 'Forced Drop Outs': 0, 'Bomb Kicks': 2, 'Grubbers': 0, '40/20': 0, '20/40': 0, 'Cross Field Kicks': 0, 'Kicked Dead': 0, 'Errors': 4, 'Handling Errors': 4, 'One on One Lost': 0, 'Penalties': 0, 'Ruck Infringements': 0, 'On Report': 0, 'Sin Bins': 0, 'Send Offs': 0, 'Stint One': 80, 'Stint Two': 0}
First score map: {'Back': {'tries': 0, 'sin_bins': 0, 'send_offs': 0, 'involvement_try': False, 'positional_try': True, 'mia': False, 'concede': True}, 'kicker': {'goals': 0, 'field_goals': 0}}
Stats update complete, scoring lineups
Lineup scoring complete
Execution took 0:03:27.426850
Script executing at 2021-01-07 22:41:23.089139
Connecting to http://www.nrl.com/draw
['Round', '2']
[32mGetting player stats for Bulldogs v Cowboys[0m
[32mGetting player stats for Dragons v Panthers[0m
[32mGetting player stats for Broncos v Rabbitohs[0m
[32mGetting player stats for Warriors v Raiders[0m
[32mGetting player stats for Roosters v Sea Eagles[0m
[32mGetting player stats for Sharks v Storm[0m
[32mGetting player stats for Wests Tigers v Knights[0m
[32mGetting player stats for Titans v Eels[0m
Stat scraping complete. Calculating player scores...
Loading to dynamodb, table: stats2020
round_number: 2
First Player: {'player_name': 'Dallin Watene-Zelezniak', 'nrl_club': 'Bulldogs', 'player_id': '100173'}
First stat map: {'Number': 1, 'Position': 'Fullback', 'Mins Played': 71, 'Points': 0, 'Tries': 0, 'Conversions': 0, 'Conversion Attempts': 0, 'Penalty Goals': 0, 'Goal Conversion Rate': 0, 'Field Goals': 0, 'Total Points': 19, 'All Runs': 21, 'All Run Metres': 184, 'Kick Return Metres': 57, 'Post Contact Metres': 53, 'Line Breaks': 0, 'Line Break Assists': 0, 'Try Assists': 0, 'Line Engaged Runs': 0, 'Tackle Breaks': 1, 'Hit Ups': 0, 'Play The Ball': 15, 'Average Play The Ball Speed': Decimal('3.18'), 'Dummy Half Runs': 0, 'Dummy Half Run Metres': 0, 'One on One Steal': 0, 'Offloads': 3, 'Dummy Passes': 1, 'Passes': 8, 'Receipts': 30, 'Passes To Run Ratio': Decimal('0.38'), 'Tackle Efficiency': Decimal('0.75'), 'Tackles Made': 3, 'Missed Tackles': 1, 'Ineffective Tackles': 0, 'Intercepts': 0, 'Kicks Defused': 1, 'Kicks': 0, 'Kicking Metres': 0, 'Forced Drop Outs': 0, 'Bomb Kicks': 0, 'Grubbers': 0, '40/20': 0, '20/40': 0, 'Cross Field Kicks': 0, 'Kicked Dead': 0, 'Errors': 4, 'Handling Errors': 3, 'One on One Lost': 0, 'Penalties': 1, 'Ruck Infringements': 0, 'On Report': 0, 'Sin Bins': 1, 'Send Offs': 0, 'Stint One': 71, 'Stint Two': 0}
First score map: {'Back': {'tries': 0, 'sin_bins': 1, 'send_offs': 0, 'involvement_try': False, 'positional_try': True, 'mia': False, 'concede': True}, 'kicker': {'goals': 0, 'field_goals': 0}}
Stats update complete, scoring lineups
Lineup scoring complete
Execution took 0:03:35.147677
Script executing at 2021-01-07 23:45:24.018897
Connecting to http://www.nrl.com/draw
['Round', '3']
[32mGetting player stats for Broncos v Eels[0m
[32mGetting player stats for Cowboys v Titans[0m
[32mGetting player stats for Roosters v Rabbitohs[0m
[32mGetting player stats for Warriors v Dragons[0m
[32mGetting player stats for Sharks v Wests Tigers[0m
[32mGetting player stats for Storm v Raiders[0m
[32mGetting player stats for Panthers v Knights[0m
[32mGetting player stats for Sea Eagles v Bulldogs[0m
Stat scraping complete. Calculating player scores...
Josh Morris has moved to the Roosters. Updating his team in the database.
Loading to dynamodb, table: stats2020
round_number: 3
First Player: {'player_name': 'Jamayne Isaako', 'nrl_club': 'Broncos', 'player_id': '100063'}
First stat map: {'Number': 1, 'Position': 'Fullback', 'Mins Played': 80, 'Points': 2, 'Tries': 0, 'Conversions': 1, 'Conversion Attempts': 1, 'Penalty Goals': 0, 'Goal Conversion Rate': Decimal('1.0'), 'Field Goals': 0, 'Total Points': 44, 'All Runs': 14, 'All Run Metres': 109, 'Kick Return Metres': 54, 'Post Contact Metres': 34, 'Line Breaks': 0, 'Line Break Assists': 0, 'Try Assists': 0, 'Line Engaged Runs': 0, 'Tackle Breaks': 7, 'Hit Ups': 0, 'Play The Ball': 13, 'Average Play The Ball Speed': Decimal('3.29'), 'Dummy Half Runs': 0, 'Dummy Half Run Metres': 0, 'One on One Steal': 0, 'Offloads': 0, 'Dummy Passes': 0, 'Passes': 16, 'Receipts': 30, 'Passes To Run Ratio': Decimal('1.14'), 'Tackle Efficiency': Decimal('1.0'), 'Tackles Made': 9, 'Missed Tackles': 0, 'Ineffective Tackles': 0, 'Intercepts': 0, 'Kicks Defused': 4, 'Kicks': 0, 'Kicking Metres': 0, 'Forced Drop Outs': 0, 'Bomb Kicks': 0, 'Grubbers': 0, '40/20': 0, '20/40': 0, 'Cross Field Kicks': 0, 'Kicked Dead': 0, 'Errors': 1, 'Handling Errors': 1, 'One on One Lost': 0, 'Penalties': 0, 'Ruck Infringements': 0, 'On Report': 0, 'Sin Bins': 0, 'Send Offs': 0, 'Stint One': 80, 'Stint Two': 0}
First score map: {'Back': {'tries': 0, 'sin_bins': 0, 'send_offs': 0, 'involvement_try': False, 'positional_try': False, 'mia': False, 'concede': False}, 'kicker': {'goals': 1, 'field_goals': 0}}
Stats update complete, scoring lineups
Lineup scoring complete
Execution took 0:03:20.751581
